<?xml version="1.0" encoding="UTF-8"?>
<!-- Generated by org.testng.reporters.JUnitReportReporter -->
<testsuite hostname="LIN76004131" failures="0" tests="1" name="SeleniumTest1.ParameterizationTestng" time="23.037" errors="0" timestamp="2022-12-02T11:48:00 IST" skipped="0">
  <testcase classname="SeleniumTest1.ParameterizationTestng" name="test1" time="23.037"/>
  <system-out/>
</testsuite> <!-- SeleniumTest1.ParameterizationTestng -->
